<?xml version="1.0" encoding="UTF-8"?>
<!-- Generated by org.testng.reporters.JUnitReportReporter -->
<testsuite hostname="LAPTOP-V4TP6C3C" failures="0" tests="3" name="org.sample.TestSample" time="3.346" errors="0" timestamp="27 Dec 2023 14:59:57 GMT" skipped="0">
  <testcase classname="org.sample.TestSample" name="tc2" time="0.811"/>
  <testcase classname="org.sample.TestSample" name="tc1" time="0.668"/>
  <testcase classname="org.sample.TestSample" name="tc0" time="1.867"/>
</testsuite> <!-- org.sample.TestSample -->
